<?xml version="1.0" encoding="UTF-8" ?>
<testsuite tests="18" failures="18" name="com.cg.mypaymentapp.test.TestClass" time="0.013" errors="0" skipped="0">
  <properties>
[...]
</properties>
  <testcase classname="com.cg.mypaymentapp.test.TestClass" name="com.cg.mypaymentapp.test.TestClass.testCreateAccountForNullName" time="0.013">
    <failure type="java.lang.NullPointerException">java.lang.NullPointerException
	at com.cg.mypaymentapp.test.TestClass.testCreateAccountForNullName(TestClass.java:41)
</failure>
  </testcase>
  <testcase classname="com.cg.mypaymentapp.test.TestClass" name="com.cg.mypaymentapp.test.TestClass.testShowBalanceForInvalidMobileNo" time="0">
    <failure type="java.lang.NullPointerException">java.lang.NullPointerException
	at com.cg.mypaymentapp.test.TestClass.testShowBalanceForInvalidMobileNo(TestClass.java:61)
</failure>
  </testcase>
  <testcase classname="com.cg.mypaymentapp.test.TestClass" name="com.cg.mypaymentapp.test.TestClass.testDepositAmountForInvalidMobileNumber" time="0">
    <failure type="java.lang.NullPointerException">java.lang.NullPointerException
	at com.cg.mypaymentapp.test.TestClass.testDepositAmountForInvalidMobileNumber(TestClass.java:101)
</failure>
  </testcase>
  <testcase classname="com.cg.mypaymentapp.test.TestClass" name="com.cg.mypaymentapp.test.TestClass.testDepositAmountForNegativeAmount" time="0">
    <failure type="java.lang.NullPointerException">java.lang.NullPointerException
	at com.cg.mypaymentapp.test.TestClass.testDepositAmountForNegativeAmount(TestClass.java:106)
</failure>
  </testcase>
  <testcase classname="com.cg.mypaymentapp.test.TestClass" name="com.cg.mypaymentapp.test.TestClass.testWithdrawAmountForNegativeAmount" time="0">
    <failure type="java.lang.NullPointerException">java.lang.NullPointerException
	at com.cg.mypaymentapp.test.TestClass.testWithdrawAmountForNegativeAmount(TestClass.java:134)
</failure>
  </testcase>
  <testcase classname="com.cg.mypaymentapp.test.TestClass" name="com.cg.mypaymentapp.test.TestClass.testFundTransferForNullSourceMobileNo" time="0">
    <failure type="java.lang.NullPointerException">java.lang.NullPointerException
	at com.cg.mypaymentapp.test.TestClass.testFundTransferForNullSourceMobileNo(TestClass.java:83)
</failure>
  </testcase>
  <testcase classname="com.cg.mypaymentapp.test.TestClass" name="com.cg.mypaymentapp.test.TestClass.testCreateAccountForNegativeAmount" time="0">
    <failure type="java.lang.NullPointerException">java.lang.NullPointerException
	at com.cg.mypaymentapp.test.TestClass.testCreateAccountForNegativeAmount(TestClass.java:46)
</failure>
  </testcase>
  <testcase classname="com.cg.mypaymentapp.test.TestClass" name="com.cg.mypaymentapp.test.TestClass.testFundTransferForInvalidMobileNoData" time="0">
    <failure type="java.lang.NullPointerException">java.lang.NullPointerException
	at com.cg.mypaymentapp.test.TestClass.testFundTransferForInvalidMobileNoData(TestClass.java:88)
</failure>
  </testcase>
  <testcase classname="com.cg.mypaymentapp.test.TestClass" name="com.cg.mypaymentapp.test.TestClass.testWithdrawAmountForInvalidMobileNumber" time="0">
    <failure type="java.lang.NullPointerException">java.lang.NullPointerException
	at com.cg.mypaymentapp.test.TestClass.testWithdrawAmountForInvalidMobileNumber(TestClass.java:129)
</failure>
  </testcase>
  <testcase classname="com.cg.mypaymentapp.test.TestClass" name="com.cg.mypaymentapp.test.TestClass.testDepositAmountForZero" time="0">
    <failure type="java.lang.NullPointerException">java.lang.NullPointerException
	at com.cg.mypaymentapp.test.TestClass.testDepositAmountForZero(TestClass.java:111)
</failure>
  </testcase>
  <testcase classname="com.cg.mypaymentapp.test.TestClass" name="com.cg.mypaymentapp.test.TestClass.testShowBalanceForValidMobileNo" time="0">
    <failure type="java.lang.NullPointerException">java.lang.NullPointerException
	at com.cg.mypaymentapp.test.TestClass.testShowBalanceForValidMobileNo(TestClass.java:67)
</failure>
  </testcase>
  <testcase classname="com.cg.mypaymentapp.test.TestClass" name="com.cg.mypaymentapp.test.TestClass.testWithdrawAmountForZero" time="0">
    <failure type="java.lang.NullPointerException">java.lang.NullPointerException
	at com.cg.mypaymentapp.test.TestClass.testWithdrawAmountForZero(TestClass.java:139)
</failure>
  </testcase>
  <testcase classname="com.cg.mypaymentapp.test.TestClass" name="com.cg.mypaymentapp.test.TestClass.testFundTransferForNullData" time="0">
    <failure type="java.lang.NullPointerException">java.lang.NullPointerException
	at com.cg.mypaymentapp.test.TestClass.testFundTransferForNullData(TestClass.java:77)
</failure>
  </testcase>
  <testcase classname="com.cg.mypaymentapp.test.TestClass" name="com.cg.mypaymentapp.test.TestClass.testWithdrawAmountForLowBalance" time="0">
    <failure type="java.lang.NullPointerException">java.lang.NullPointerException
	at com.cg.mypaymentapp.test.TestClass.testWithdrawAmountForLowBalance(TestClass.java:154)
</failure>
  </testcase>
  <testcase classname="com.cg.mypaymentapp.test.TestClass" name="com.cg.mypaymentapp.test.TestClass.testDepositAmountForValidAmount" time="0">
    <failure type="java.lang.NullPointerException">java.lang.NullPointerException
	at com.cg.mypaymentapp.test.TestClass.testDepositAmountForValidAmount(TestClass.java:116)
</failure>
  </testcase>
  <testcase classname="com.cg.mypaymentapp.test.TestClass" name="com.cg.mypaymentapp.test.TestClass.testWithdrawAmountForValidAmount" time="0">
    <failure type="java.lang.NullPointerException">java.lang.NullPointerException
	at com.cg.mypaymentapp.test.TestClass.testWithdrawAmountForValidAmount(TestClass.java:144)
</failure>
  </testcase>
  <testcase classname="com.cg.mypaymentapp.test.TestClass" name="com.cg.mypaymentapp.test.TestClass.testFundTransferForInvalidAmount" time="0">
    <failure type="java.lang.NullPointerException">java.lang.NullPointerException
	at com.cg.mypaymentapp.test.TestClass.testFundTransferForInvalidAmount(TestClass.java:94)
</failure>
  </testcase>
  <testcase classname="com.cg.mypaymentapp.test.TestClass" name="com.cg.mypaymentapp.test.TestClass.testCreateAccountForCorrectData" time="0">
    <failure type="java.lang.NullPointerException">java.lang.NullPointerException
	at com.cg.mypaymentapp.test.TestClass.testCreateAccountForCorrectData(TestClass.java:52)
</failure>
  </testcase>
</testsuite>